-------------------------------------------------------------------------------
Test set: TestSuite
-------------------------------------------------------------------------------
Tests run: 1, Failures: 1, Errors: 0, Skipped: 0, Time elapsed: 9.275 s <<< FAILURE! - in TestSuite
TC001(testRunner.testRun)  Time elapsed: 0.444 s  <<< FAILURE!
java.lang.NullPointerException
	at testRunner.testRun.TC001(testRun.java:18)

